2018-03-22 17:25:33,192 Initialized in: /usr/local/bin
2018-03-22 17:25:33,624  * Running on http://127.0.0.1:5000/ (Press CTRL+C to quit)
2018-03-22 17:26:10,145 Initialized in: /usr/local/bin
2018-03-22 17:26:10,580  * Running on http://127.0.0.1:5000/ (Press CTRL+C to quit)
2018-03-22 17:26:10,580 Starting new HTTPS connection (1): slack.com
2018-03-22 17:26:11,460 https://slack.com:443 "POST /api/rtm.start HTTP/1.1" 200 5620
2018-03-22 17:26:12,493 Loading plugins
2018-03-22 17:26:12,493 Importing plugins.printall.MyPlugin
2018-03-22 17:26:12,495 Plugin registered: <plugins.printall.MyPlugin object at 0x10cccce10>
2018-03-22 17:26:12,495 Registering jobs for MyPlugin
2018-03-22 17:26:12,495 No jobs registered for MyPlugin
2018-03-22 17:26:12,601 got process_pong
2018-03-22 17:31:53,319 Initialized in: /Users/asafliv/PycharmProjects/slackbotserver
2018-03-22 17:32:11,128 Initialized in: /Users/asafliv/PycharmProjects/slackbotserver
2018-03-22 18:03:30,568 Initialized in: /usr/local/bin
2018-03-22 18:03:30,574  * Running on http://127.0.0.1:5000/ (Press CTRL+C to quit)
2018-03-22 18:03:30,596 Starting new HTTPS connection (1): slack.com
2018-03-22 18:03:31,472 https://slack.com:443 "POST /api/rtm.start HTTP/1.1" 200 5617
2018-03-22 18:03:31,927 Loading plugins
2018-03-22 18:03:31,927 Importing plugins.printall.MyPlugin
2018-03-22 18:03:31,928 Plugin registered: <plugins.printall.MyPlugin object at 0x10a2e3e10>
2018-03-22 18:03:31,928 Registering jobs for MyPlugin
2018-03-22 18:03:31,928 No jobs registered for MyPlugin
2018-03-22 18:03:32,131 got process_hello
2018-03-22 18:03:35,137 got process_pong
2018-03-22 18:03:39,186 got process_pong
2018-03-22 18:03:43,196 got process_pong
2018-03-22 18:03:47,122 got process_pong
2018-03-22 18:03:51,161 got process_pong
2018-03-22 18:03:55,189 got process_pong
